TN:
SF:src/Bonds.sol
FN:88,CryptoCookiesBondsV2.withdraw
FNDA:0,CryptoCookiesBondsV2.withdraw
DA:90,0
BRDA:90,0,0,-
BRDA:90,0,1,-
DA:91,0
DA:94,0
BRDA:94,1,0,-
BRDA:94,1,1,-
DA:95,0
DA:98,0
FN:110,CryptoCookiesBondsV2.startBondSell
FNDA:2397,CryptoCookiesBondsV2.startBondSell
DA:119,2396
BRDA:119,2,0,-
BRDA:119,2,1,2396
DA:120,2396
BRDA:120,3,0,1
BRDA:120,3,1,2395
DA:121,1
DA:124,2395
DA:127,2395
DA:128,2395
DA:130,2395
DA:132,2395
FN:150,CryptoCookiesBondsV2.endBondSell
FNDA:2389,CryptoCookiesBondsV2.endBondSell
DA:151,2388
FN:154,CryptoCookiesBondsV2._endBondSell
FNDA:2390,CryptoCookiesBondsV2._endBondSell
DA:155,2390
DA:156,2390
BRDA:156,4,0,-
BRDA:156,4,1,2390
DA:157,2390
DA:158,2390
BRDA:158,5,0,-
BRDA:158,5,1,2388
DA:159,2388
DA:161,2390
DA:163,2390
DA:164,2390
DA:167,2390
DA:169,9231
BRDA:169,6,0,6841
BRDA:169,6,1,2390
DA:170,9231
DA:172,6841
DA:175,2390
BRDA:175,7,0,-
BRDA:175,7,1,1697
DA:176,1697
DA:180,2390
DA:182,2390
FN:185,CryptoCookiesBondsV2.buyBond
FNDA:12,CryptoCookiesBondsV2.buyBond
DA:186,12
DA:187,12
BRDA:187,8,0,1
BRDA:187,8,1,11
DA:188,11
BRDA:188,9,0,1
BRDA:188,9,1,10
DA:191,10
DA:193,10
DA:194,10
DA:196,10
DA:197,10
DA:199,10
DA:200,10
BRDA:200,10,0,2
BRDA:200,10,1,10
DA:201,2
DA:202,2
DA:204,10
DA:207,10
DA:208,10
DA:210,10
DA:212,10
DA:214,10
DA:226,10
DA:229,10
DA:230,10
DA:233,10
DA:235,10
DA:237,10
BRDA:237,11,0,2
BRDA:237,11,1,10
DA:238,2
DA:241,10
BRDA:241,12,0,2
BRDA:241,12,1,10
DA:243,2
FN:248,CryptoCookiesBondsV2.redeemAll
FNDA:1,CryptoCookiesBondsV2.redeemAll
DA:249,1
DA:250,1
DA:252,6
DA:253,5
FN:258,CryptoCookiesBondsV2.redeem
FNDA:3,CryptoCookiesBondsV2.redeem
DA:259,8
DA:260,8
BRDA:260,13,0,-
BRDA:260,13,1,8
DA:262,8
DA:264,8
BRDA:264,14,0,1
BRDA:264,14,1,7
DA:265,1
DA:268,7
DA:270,7
DA:273,7
BRDA:273,15,0,6
BRDA:273,15,1,7
DA:274,6
DA:275,6
DA:278,7
DA:279,7
FN:282,CryptoCookiesBondsV2.getNote
FNDA:3,CryptoCookiesBondsV2.getNote
DA:283,3
FN:286,CryptoCookiesBondsV2.getNotes
FNDA:2,CryptoCookiesBondsV2.getNotes
DA:287,2
DA:288,2
DA:289,2
DA:290,6
DA:292,2
FN:295,CryptoCookiesBondsV2.notesLength
FNDA:0,CryptoCookiesBondsV2.notesLength
DA:296,0
FN:299,CryptoCookiesBondsV2.activeBondsLength
FNDA:4772,CryptoCookiesBondsV2.activeBondsLength
DA:300,4772
FN:303,CryptoCookiesBondsV2.currentDiscount
FNDA:5984,CryptoCookiesBondsV2.currentDiscount
DA:304,9582
DA:305,9582
BRDA:305,16,0,2
BRDA:305,16,1,9580
DA:308,9580
DA:313,9580
BRDA:313,17,0,6
BRDA:313,17,1,9580
DA:314,6
DA:317,9580
BRDA:317,18,0,-
BRDA:317,18,1,9580
DA:318,0
FN:322,CryptoCookiesBondsV2.priceOfCookieWithDiscount
FNDA:3588,CryptoCookiesBondsV2.priceOfCookieWithDiscount
DA:323,3598
DA:325,3598
FN:329,CryptoCookiesBondsV2._toRedeem
FNDA:88,CryptoCookiesBondsV2._toRedeem
DA:330,88
DA:331,88
DA:332,88
DA:334,88
BRDA:334,19,0,40
BRDA:334,19,1,48
DA:335,40
DA:337,40
DA:340,48
DA:341,48
DA:344,48
BRDA:344,20,0,-
DA:347,48
FN:352,CryptoCookiesBondsV2.toRedeem
FNDA:1,CryptoCookiesBondsV2.toRedeem
DA:357,1
DA:358,1
DA:359,1
DA:361,1
DA:362,3
FN:367,CryptoCookiesBondsV2.totalToRedeem
FNDA:15,CryptoCookiesBondsV2.totalToRedeem
DA:368,15
DA:369,15
DA:371,15
DA:372,77
FN:377,CryptoCookiesBondsV2._deleteNote
FNDA:6,CryptoCookiesBondsV2._deleteNote
DA:378,6
DA:379,6
DA:382,6
DA:384,17
BRDA:384,21,0,11
BRDA:384,21,1,6
DA:385,17
DA:387,11
DA:390,6
BRDA:390,22,0,-
BRDA:390,22,1,1
DA:391,1
DA:395,6
FNF:17
FNH:15
LF:118
LH:111
BRF:45
BRH:33
end_of_record
TN:
SF:src/mocks/MockOracle.sol
FN:7,MockOracle.setPrice
FNDA:260,MockOracle.setPrice
DA:8,260
FN:11,MockOracle.update
FNDA:10,MockOracle.update
FN:13,MockOracle.consult
FNDA:3598,MockOracle.consult
DA:14,3598
FNF:3
FNH:3
LF:2
LH:2
BRF:0
BRH:0
end_of_record
TN:
SF:src/mocks/Token.sol
FN:7,Token.mint
FNDA:2395,Token.mint
DA:8,2395
FN:11,Token.burn
FNDA:2388,Token.burn
DA:12,2388
FNF:2
FNH:2
LF:2
LH:2
BRF:0
BRH:0
end_of_record
TN:
SF:test/Bonds.t.sol
FN:11,AlwaysFail.
FNDA:6,AlwaysFail.
DA:12,6
FNF:1
FNH:1
LF:1
LH:1
BRF:0
BRH:0
end_of_record
